<?xml version="1.0" encoding="UTF-8"?>
<!-- Generated by org.testng.reporters.JUnitReportReporter -->
<testsuite hostname="ASI-5CD1462PMH" failures="0" tests="1" name="Tek.tek.App" time="0.007" errors="0" timestamp="2023-03-23T15:16:19 IST" skipped="0">
  <testcase classname="Tek.tek.App" name="main" time="0.007"/>
  <system-out/>
</testsuite> <!-- Tek.tek.App -->
